<?xml version="1.0" encoding="UTF-8" ?>
<testsuite tests="9" failures="0" name="com.datapirates.ums.dao.UserDaoTest" time="0.25" errors="0" skipped="0">
  <properties>
    <property name="java.runtime.name" value="Java(TM) SE Runtime Environment"/>
    <property name="java.vm.version" value="13.0.2+8"/>
    <property name="sun.boot.library.path" value="C:\Program Files\Java\jdk-13.0.2\bin"/>
    <property name="maven.multiModuleProjectDirectory" value="D:\Users\Shah Jr\Current\UMS"/>
    <property name="java.vm.vendor" value="Oracle Corporation"/>
    <property name="java.vendor.url" value="https://java.oracle.com/"/>
    <property name="guice.disable.misplaced.annotation.check" value="true"/>
    <property name="path.separator" value=";"/>
    <property name="java.vm.name" value="Java HotSpot(TM) 64-Bit Server VM"/>
    <property name="sun.os.patch.level" value=""/>
    <property name="user.script" value=""/>
    <property name="user.country" value="US"/>
    <property name="sun.java.launcher" value="SUN_STANDARD"/>
    <property name="test" value="com.datapirates.ums.dao.UserDaoTest"/>
    <property name="java.vm.specification.name" value="Java Virtual Machine Specification"/>
    <property name="user.dir" value="D:\Users\Shah Jr\Current\UMS"/>
    <property name="java.vm.compressedOopsMode" value="32-bit"/>
    <property name="java.runtime.version" value="13.0.2+8"/>
    <property name="os.arch" value="amd64"/>
    <property name="java.io.tmpdir" value="C:\Users\SHAHJR~1\AppData\Local\Temp\"/>
    <property name="line.separator" value="
"/>
    <property name="java.vm.specification.vendor" value="Oracle Corporation"/>
    <property name="user.variant" value=""/>
    <property name="os.name" value="Windows 10"/>
    <property name="maven.ext.class.path" value="C:\Program Files\NetBeans-11.3\netbeans\java\maven-nblib\netbeans-eventspy.jar"/>
    <property name="classworlds.conf" value="C:\Program Files\NetBeans-11.3\netbeans\java\maven\bin\m2.conf"/>
    <property name="sun.jnu.encoding" value="Cp1252"/>
    <property name="java.library.path" value="C:\Program Files\Java\jdk-13.0.2\bin;C:\Windows\Sun\Java\bin;C:\Windows\system32;C:\Windows;C:\ProgramData\Anaconda3;C:\ProgramData\Anaconda3\Library\mingw-w64\bin;C:\ProgramData\Anaconda3\Library\usr\bin;C:\ProgramData\Anaconda3\Library\bin;C:\ProgramData\Anaconda3\Scripts;C:\Program Files (x86)\Common Files\Intel\Shared Libraries\redist\intel64\compiler;C:\Windows\system32;C:\Windows;C:\Windows\System32\Wbem;C:\Windows\System32\WindowsPowerShell\v1.0\;C:\Windows\System32\OpenSSH\;C:\Program Files\Microsoft VS Code\bin;C:\Program Files\Git\cmd;C:\Users\Shah Jr\AppData\Local\Programs\Python\Python38-32;D:\Users\Shah Jr\Current\python-scripts;;C:\Program Files (x86)\NVIDIA Corporation\PhysX\Common;C:\ProgramData\Anaconda3;C:\ProgramData\Anaconda3\Library\mingw-w64\bin;C:\ProgramData\Anaconda3\Library\usr\bin;C:\ProgramData\Anaconda3\Library\bin;C:\ProgramData\Anaconda3\Scripts;C:\Users\Shah Jr\AppData\Local\GitHubDesktop\bin;."/>
    <property name="jdk.debug" value="release"/>
    <property name="java.class.version" value="57.0"/>
    <property name="java.specification.name" value="Java Platform API Specification"/>
    <property name="sun.management.compiler" value="HotSpot 64-Bit Tiered Compilers"/>
    <property name="os.version" value="10.0"/>
    <property name="user.home" value="C:\Users\Shah Jr"/>
    <property name="user.timezone" value="Asia/Katmandu"/>
    <property name="file.encoding" value="UTF-8"/>
    <property name="java.specification.version" value="13"/>
    <property name="user.name" value="Shah Jr"/>
    <property name="java.class.path" value="C:\Program Files\NetBeans-11.3\netbeans\java\maven\boot\plexus-classworlds-2.5.2.jar"/>
    <property name="java.vm.specification.version" value="13"/>
    <property name="sun.arch.data.model" value="64"/>
    <property name="sun.java.command" value="org.codehaus.plexus.classworlds.launcher.Launcher -Dtest=com.datapirates.ums.dao.UserDaoTest -Dmaven.ext.class.path=C:\Program Files\NetBeans-11.3\netbeans\java\maven-nblib\netbeans-eventspy.jar -Dfile.encoding=UTF-8 surefire:test"/>
    <property name="java.home" value="C:\Program Files\Java\jdk-13.0.2"/>
    <property name="user.language" value="en"/>
    <property name="java.specification.vendor" value="Oracle Corporation"/>
    <property name="java.vm.info" value="mixed mode, sharing"/>
    <property name="java.version" value="13.0.2"/>
    <property name="java.vendor" value="Oracle Corporation"/>
    <property name="maven.home" value="C:\Program Files\NetBeans-11.3\netbeans\java\maven"/>
    <property name="file.separator" value="\"/>
    <property name="java.version.date" value="2020-01-14"/>
    <property name="java.vendor.url.bug" value="https://bugreport.java.com/bugreport/"/>
    <property name="sun.io.unicode.encoding" value="UnicodeLittle"/>
    <property name="sun.cpu.endian" value="little"/>
    <property name="sun.cpu.isalist" value="amd64"/>
  </properties>
  <testcase classname="com.datapirates.ums.dao.UserDaoTest" name="testUnblockUser" time="0.214"/>
  <testcase classname="com.datapirates.ums.dao.UserDaoTest" name="testRegister1" time="0.004"/>
  <testcase classname="com.datapirates.ums.dao.UserDaoTest" name="testValidateUser1" time="0.003"/>
  <testcase classname="com.datapirates.ums.dao.UserDaoTest" name="testValidateUser2" time="0.007"/>
  <testcase classname="com.datapirates.ums.dao.UserDaoTest" name="testValidateUser3" time="0.003"/>
  <testcase classname="com.datapirates.ums.dao.UserDaoTest" name="testValidateUser4" time="0.002"/>
  <testcase classname="com.datapirates.ums.dao.UserDaoTest" name="testValidateUser5" time="0.004"/>
  <testcase classname="com.datapirates.ums.dao.UserDaoTest" name="testDelete" time="0.006"/>
  <testcase classname="com.datapirates.ums.dao.UserDaoTest" name="testBlockUser" time="0.007"/>
</testsuite>